The system is: Linux - 4.9.0-8-amd64 - x86_64
Compiling the C compiler identification source file "CMakeCCompilerId.c" succeeded.
Compiler: /bin/clang-8 
Build flags: 
Id flags:  

The output was:
0


Compilation of the C compiler identification source "CMakeCCompilerId.c" produced "a.out"

The C compiler identification is Clang, found in "/home/oleg/Documents/SensorFusion/SFND_3D_Object_Tracking/build/CMakeFiles/3.14.5/CompilerIdC/a.out"

Compiling the CXX compiler identification source file "CMakeCXXCompilerId.cpp" succeeded.
Compiler: /bin/clang++-8 
Build flags: 
Id flags:  

The output was:
0


Compilation of the CXX compiler identification source "CMakeCXXCompilerId.cpp" produced "a.out"

The CXX compiler identification is Clang, found in "/home/oleg/Documents/SensorFusion/SFND_3D_Object_Tracking/build/CMakeFiles/3.14.5/CompilerIdCXX/a.out"

Determining if the C compiler works passed with the following output:
Change Dir: /home/oleg/Documents/SensorFusion/SFND_3D_Object_Tracking/build/CMakeFiles/CMakeTmp

Run Build Command(s):/usr/bin/make cmTC_309de/fast 
/usr/bin/make -f CMakeFiles/cmTC_309de.dir/build.make CMakeFiles/cmTC_309de.dir/build
make[1]: Entering directory '/home/oleg/Documents/SensorFusion/SFND_3D_Object_Tracking/build/CMakeFiles/CMakeTmp'
Building C object CMakeFiles/cmTC_309de.dir/testCCompiler.c.o
/bin/clang-8    -o CMakeFiles/cmTC_309de.dir/testCCompiler.c.o   -c /home/oleg/Documents/SensorFusion/SFND_3D_Object_Tracking/build/CMakeFiles/CMakeTmp/testCCompiler.c
Linking C executable cmTC_309de
/home/oleg/cmake-3.14.5-Linux-x86_64/bin/cmake -E cmake_link_script CMakeFiles/cmTC_309de.dir/link.txt --verbose=1
/bin/clang-8      -rdynamic CMakeFiles/cmTC_309de.dir/testCCompiler.c.o  -o cmTC_309de 
make[1]: Leaving directory '/home/oleg/Documents/SensorFusion/SFND_3D_Object_Tracking/build/CMakeFiles/CMakeTmp'


Detecting C compiler ABI info compiled with the following output:
Change Dir: /home/oleg/Documents/SensorFusion/SFND_3D_Object_Tracking/build/CMakeFiles/CMakeTmp

Run Build Command(s):/usr/bin/make cmTC_46cfc/fast 
/usr/bin/make -f CMakeFiles/cmTC_46cfc.dir/build.make CMakeFiles/cmTC_46cfc.dir/build
make[1]: Entering directory '/home/oleg/Documents/SensorFusion/SFND_3D_Object_Tracking/build/CMakeFiles/CMakeTmp'
Building C object CMakeFiles/cmTC_46cfc.dir/CMakeCCompilerABI.c.o
/bin/clang-8   -v -o CMakeFiles/cmTC_46cfc.dir/CMakeCCompilerABI.c.o   -c /home/oleg/cmake-3.14.5-Linux-x86_64/share/cmake-3.14/Modules/CMakeCCompilerABI.c
clang version 8.0.0-svn346579-1~exp1+0~20181110060506.1960~1.gbp6afd8e (trunk)
Target: x86_64-unknown-linux-gnu
Thread model: posix
InstalledDir: /bin
Found candidate GCC installation: /bin/../lib/gcc/x86_64-linux-gnu/4.9
Found candidate GCC installation: /bin/../lib/gcc/x86_64-linux-gnu/4.9.2
Found candidate GCC installation: /bin/../lib/gcc/x86_64-linux-gnu/5
Found candidate GCC installation: /bin/../lib/gcc/x86_64-linux-gnu/5.4.1
Found candidate GCC installation: /bin/../lib/gcc/x86_64-linux-gnu/6
Found candidate GCC installation: /bin/../lib/gcc/x86_64-linux-gnu/6.3.0
Found candidate GCC installation: /bin/../lib/gcc/x86_64-linux-gnu/8
Found candidate GCC installation: /usr/lib/gcc/x86_64-linux-gnu/4.9
Found candidate GCC installation: /usr/lib/gcc/x86_64-linux-gnu/4.9.2
Found candidate GCC installation: /usr/lib/gcc/x86_64-linux-gnu/5
Found candidate GCC installation: /usr/lib/gcc/x86_64-linux-gnu/5.4.1
Found candidate GCC installation: /usr/lib/gcc/x86_64-linux-gnu/6
Found candidate GCC installation: /usr/lib/gcc/x86_64-linux-gnu/6.3.0
Found candidate GCC installation: /usr/lib/gcc/x86_64-linux-gnu/8
Selected GCC installation: /bin/../lib/gcc/x86_64-linux-gnu/8
Candidate multilib: .;@m64
Selected multilib: .;@m64
 "/usr/lib/llvm-8/bin/clang" -cc1 -triple x86_64-unknown-linux-gnu -emit-obj -mrelax-all -disable-free -disable-llvm-verifier -discard-value-names -main-file-name CMakeCCompilerABI.c -mrelocation-model static -mthread-model posix -mdisable-fp-elim -fmath-errno -masm-verbose -mconstructor-aliases -munwind-tables -fuse-init-array -target-cpu x86-64 -dwarf-column-info -debugger-tuning=gdb -v -coverage-notes-file /home/oleg/Documents/SensorFusion/SFND_3D_Object_Tracking/build/CMakeFiles/CMakeTmp/CMakeFiles/cmTC_46cfc.dir/CMakeCCompilerABI.c.gcno -resource-dir /usr/lib/llvm-8/lib/clang/8.0.0 -internal-isystem /usr/local/include -internal-isystem /usr/lib/llvm-8/lib/clang/8.0.0/include -internal-externc-isystem /usr/include/x86_64-linux-gnu -internal-externc-isystem /include -internal-externc-isystem /usr/include -fdebug-compilation-dir /home/oleg/Documents/SensorFusion/SFND_3D_Object_Tracking/build/CMakeFiles/CMakeTmp -ferror-limit 19 -fmessage-length 0 -fobjc-runtime=gcc -fdiagnostics-show-option -o CMakeFiles/cmTC_46cfc.dir/CMakeCCompilerABI.c.o -x c /home/oleg/cmake-3.14.5-Linux-x86_64/share/cmake-3.14/Modules/CMakeCCompilerABI.c -faddrsig
clang -cc1 version 8.0.0 based upon LLVM 8.0.0 default target x86_64-unknown-linux-gnu
ignoring nonexistent directory "/include"
#include "..." search starts here:
#include <...> search starts here:
 /usr/local/include
 /usr/lib/llvm-8/lib/clang/8.0.0/include
 /usr/include/x86_64-linux-gnu
 /usr/include
End of search list.
Linking C executable cmTC_46cfc
/home/oleg/cmake-3.14.5-Linux-x86_64/bin/cmake -E cmake_link_script CMakeFiles/cmTC_46cfc.dir/link.txt --verbose=1
/bin/clang-8     -v -rdynamic CMakeFiles/cmTC_46cfc.dir/CMakeCCompilerABI.c.o  -o cmTC_46cfc 
clang version 8.0.0-svn346579-1~exp1+0~20181110060506.1960~1.gbp6afd8e (trunk)
Target: x86_64-unknown-linux-gnu
Thread model: posix
InstalledDir: /bin
Found candidate GCC installation: /bin/../lib/gcc/x86_64-linux-gnu/4.9
Found candidate GCC installation: /bin/../lib/gcc/x86_64-linux-gnu/4.9.2
Found candidate GCC installation: /bin/../lib/gcc/x86_64-linux-gnu/5
Found candidate GCC installation: /bin/../lib/gcc/x86_64-linux-gnu/5.4.1
Found candidate GCC installation: /bin/../lib/gcc/x86_64-linux-gnu/6
Found candidate GCC installation: /bin/../lib/gcc/x86_64-linux-gnu/6.3.0
Found candidate GCC installation: /bin/../lib/gcc/x86_64-linux-gnu/8
Found candidate GCC installation: /usr/lib/gcc/x86_64-linux-gnu/4.9
Found candidate GCC installation: /usr/lib/gcc/x86_64-linux-gnu/4.9.2
Found candidate GCC installation: /usr/lib/gcc/x86_64-linux-gnu/5
Found candidate GCC installation: /usr/lib/gcc/x86_64-linux-gnu/5.4.1
Found candidate GCC installation: /usr/lib/gcc/x86_64-linux-gnu/6
Found candidate GCC installation: /usr/lib/gcc/x86_64-linux-gnu/6.3.0
Found candidate GCC installation: /usr/lib/gcc/x86_64-linux-gnu/8
Selected GCC installation: /bin/../lib/gcc/x86_64-linux-gnu/8
Candidate multilib: .;@m64
Selected multilib: .;@m64
 "/bin/ld" -export-dynamic --hash-style=both --eh-frame-hdr -m elf_x86_64 -export-dynamic -dynamic-linker /lib64/ld-linux-x86-64.so.2 -o cmTC_46cfc /bin/../lib/gcc/x86_64-linux-gnu/8/../../../x86_64-linux-gnu/crt1.o /bin/../lib/gcc/x86_64-linux-gnu/8/../../../x86_64-linux-gnu/crti.o /bin/../lib/gcc/x86_64-linux-gnu/8/crtbegin.o -L/bin/../lib/gcc/x86_64-linux-gnu/8 -L/bin/../lib/gcc/x86_64-linux-gnu/8/../../../x86_64-linux-gnu -L/bin/../lib/gcc/x86_64-linux-gnu/8/../../../../lib64 -L/lib/x86_64-linux-gnu -L/lib/../lib64 -L/usr/lib/x86_64-linux-gnu -L/usr/lib/../lib64 -L/usr/lib/x86_64-linux-gnu/../../lib64 -L/bin/../lib/gcc/x86_64-linux-gnu/8/../../.. -L/usr/lib/llvm-8/bin/../lib -L/lib -L/usr/lib CMakeFiles/cmTC_46cfc.dir/CMakeCCompilerABI.c.o -lgcc --as-needed -lgcc_s --no-as-needed -lc -lgcc --as-needed -lgcc_s --no-as-needed /bin/../lib/gcc/x86_64-linux-gnu/8/crtend.o /bin/../lib/gcc/x86_64-linux-gnu/8/../../../x86_64-linux-gnu/crtn.o
make[1]: Leaving directory '/home/oleg/Documents/SensorFusion/SFND_3D_Object_Tracking/build/CMakeFiles/CMakeTmp'


Parsed C implicit include dir info from above output: rv=done
  found start of include info
  found start of implicit include info
    add: [/usr/local/include]
    add: [/usr/lib/llvm-8/lib/clang/8.0.0/include]
    add: [/usr/include/x86_64-linux-gnu]
    add: [/usr/include]
  end of search list found
  collapse include dir [/usr/local/include] ==> [/usr/local/include]
  collapse include dir [/usr/lib/llvm-8/lib/clang/8.0.0/include] ==> [/usr/lib/llvm-8/lib/clang/8.0.0/include]
  collapse include dir [/usr/include/x86_64-linux-gnu] ==> [/usr/include/x86_64-linux-gnu]
  collapse include dir [/usr/include] ==> [/usr/include]
  implicit include dirs: [/usr/local/include;/usr/lib/llvm-8/lib/clang/8.0.0/include;/usr/include/x86_64-linux-gnu;/usr/include]


Parsed C implicit link information from above output:
  link line regex: [^( *|.*[/\])(ld|CMAKE_LINK_STARTFILE-NOTFOUND|([^/\]+-)?ld|collect2)[^/\]*( |$)]
  ignore line: [Change Dir: /home/oleg/Documents/SensorFusion/SFND_3D_Object_Tracking/build/CMakeFiles/CMakeTmp]
  ignore line: []
  ignore line: [Run Build Command(s):/usr/bin/make cmTC_46cfc/fast ]
  ignore line: [/usr/bin/make -f CMakeFiles/cmTC_46cfc.dir/build.make CMakeFiles/cmTC_46cfc.dir/build]
  ignore line: [make[1]: Entering directory '/home/oleg/Documents/SensorFusion/SFND_3D_Object_Tracking/build/CMakeFiles/CMakeTmp']
  ignore line: [Building C object CMakeFiles/cmTC_46cfc.dir/CMakeCCompilerABI.c.o]
  ignore line: [/bin/clang-8   -v -o CMakeFiles/cmTC_46cfc.dir/CMakeCCompilerABI.c.o   -c /home/oleg/cmake-3.14.5-Linux-x86_64/share/cmake-3.14/Modules/CMakeCCompilerABI.c]
  ignore line: [clang version 8.0.0-svn346579-1~exp1+0~20181110060506.1960~1.gbp6afd8e (trunk)]
  ignore line: [Target: x86_64-unknown-linux-gnu]
  ignore line: [Thread model: posix]
  ignore line: [InstalledDir: /bin]
  ignore line: [Found candidate GCC installation: /bin/../lib/gcc/x86_64-linux-gnu/4.9]
  ignore line: [Found candidate GCC installation: /bin/../lib/gcc/x86_64-linux-gnu/4.9.2]
  ignore line: [Found candidate GCC installation: /bin/../lib/gcc/x86_64-linux-gnu/5]
  ignore line: [Found candidate GCC installation: /bin/../lib/gcc/x86_64-linux-gnu/5.4.1]
  ignore line: [Found candidate GCC installation: /bin/../lib/gcc/x86_64-linux-gnu/6]
  ignore line: [Found candidate GCC installation: /bin/../lib/gcc/x86_64-linux-gnu/6.3.0]
  ignore line: [Found candidate GCC installation: /bin/../lib/gcc/x86_64-linux-gnu/8]
  ignore line: [Found candidate GCC installation: /usr/lib/gcc/x86_64-linux-gnu/4.9]
  ignore line: [Found candidate GCC installation: /usr/lib/gcc/x86_64-linux-gnu/4.9.2]
  ignore line: [Found candidate GCC installation: /usr/lib/gcc/x86_64-linux-gnu/5]
  ignore line: [Found candidate GCC installation: /usr/lib/gcc/x86_64-linux-gnu/5.4.1]
  ignore line: [Found candidate GCC installation: /usr/lib/gcc/x86_64-linux-gnu/6]
  ignore line: [Found candidate GCC installation: /usr/lib/gcc/x86_64-linux-gnu/6.3.0]
  ignore line: [Found candidate GCC installation: /usr/lib/gcc/x86_64-linux-gnu/8]
  ignore line: [Selected GCC installation: /bin/../lib/gcc/x86_64-linux-gnu/8]
  ignore line: [Candidate multilib: .]
  ignore line: [@m64]
  ignore line: [Selected multilib: .]
  ignore line: [@m64]
  ignore line: [ "/usr/lib/llvm-8/bin/clang" -cc1 -triple x86_64-unknown-linux-gnu -emit-obj -mrelax-all -disable-free -disable-llvm-verifier -discard-value-names -main-file-name CMakeCCompilerABI.c -mrelocation-model static -mthread-model posix -mdisable-fp-elim -fmath-errno -masm-verbose -mconstructor-aliases -munwind-tables -fuse-init-array -target-cpu x86-64 -dwarf-column-info -debugger-tuning=gdb -v -coverage-notes-file /home/oleg/Documents/SensorFusion/SFND_3D_Object_Tracking/build/CMakeFiles/CMakeTmp/CMakeFiles/cmTC_46cfc.dir/CMakeCCompilerABI.c.gcno -resource-dir /usr/lib/llvm-8/lib/clang/8.0.0 -internal-isystem /usr/local/include -internal-isystem /usr/lib/llvm-8/lib/clang/8.0.0/include -internal-externc-isystem /usr/include/x86_64-linux-gnu -internal-externc-isystem /include -internal-externc-isystem /usr/include -fdebug-compilation-dir /home/oleg/Documents/SensorFusion/SFND_3D_Object_Tracking/build/CMakeFiles/CMakeTmp -ferror-limit 19 -fmessage-length 0 -fobjc-runtime=gcc -fdiagnostics-show-option -o CMakeFiles/cmTC_46cfc.dir/CMakeCCompilerABI.c.o -x c /home/oleg/cmake-3.14.5-Linux-x86_64/share/cmake-3.14/Modules/CMakeCCompilerABI.c -faddrsig]
  ignore line: [clang -cc1 version 8.0.0 based upon LLVM 8.0.0 default target x86_64-unknown-linux-gnu]
  ignore line: [ignoring nonexistent directory "/include"]
  ignore line: [#include "..." search starts here:]
  ignore line: [#include <...> search starts here:]
  ignore line: [ /usr/local/include]
  ignore line: [ /usr/lib/llvm-8/lib/clang/8.0.0/include]
  ignore line: [ /usr/include/x86_64-linux-gnu]
  ignore line: [ /usr/include]
  ignore line: [End of search list.]
  ignore line: [Linking C executable cmTC_46cfc]
  ignore line: [/home/oleg/cmake-3.14.5-Linux-x86_64/bin/cmake -E cmake_link_script CMakeFiles/cmTC_46cfc.dir/link.txt --verbose=1]
  ignore line: [/bin/clang-8     -v -rdynamic CMakeFiles/cmTC_46cfc.dir/CMakeCCompilerABI.c.o  -o cmTC_46cfc ]
  ignore line: [clang version 8.0.0-svn346579-1~exp1+0~20181110060506.1960~1.gbp6afd8e (trunk)]
  ignore line: [Target: x86_64-unknown-linux-gnu]
  ignore line: [Thread model: posix]
  ignore line: [InstalledDir: /bin]
  ignore line: [Found candidate GCC installation: /bin/../lib/gcc/x86_64-linux-gnu/4.9]
  ignore line: [Found candidate GCC installation: /bin/../lib/gcc/x86_64-linux-gnu/4.9.2]
  ignore line: [Found candidate GCC installation: /bin/../lib/gcc/x86_64-linux-gnu/5]
  ignore line: [Found candidate GCC installation: /bin/../lib/gcc/x86_64-linux-gnu/5.4.1]
  ignore line: [Found candidate GCC installation: /bin/../lib/gcc/x86_64-linux-gnu/6]
  ignore line: [Found candidate GCC installation: /bin/../lib/gcc/x86_64-linux-gnu/6.3.0]
  ignore line: [Found candidate GCC installation: /bin/../lib/gcc/x86_64-linux-gnu/8]
  ignore line: [Found candidate GCC installation: /usr/lib/gcc/x86_64-linux-gnu/4.9]
  ignore line: [Found candidate GCC installation: /usr/lib/gcc/x86_64-linux-gnu/4.9.2]
  ignore line: [Found candidate GCC installation: /usr/lib/gcc/x86_64-linux-gnu/5]
  ignore line: [Found candidate GCC installation: /usr/lib/gcc/x86_64-linux-gnu/5.4.1]
  ignore line: [Found candidate GCC installation: /usr/lib/gcc/x86_64-linux-gnu/6]
  ignore line: [Found candidate GCC installation: /usr/lib/gcc/x86_64-linux-gnu/6.3.0]
  ignore line: [Found candidate GCC installation: /usr/lib/gcc/x86_64-linux-gnu/8]
  ignore line: [Selected GCC installation: /bin/../lib/gcc/x86_64-linux-gnu/8]
  ignore line: [Candidate multilib: .]
  ignore line: [@m64]
  ignore line: [Selected multilib: .]
  ignore line: [@m64]
  link line: [ "/bin/ld" -export-dynamic --hash-style=both --eh-frame-hdr -m elf_x86_64 -export-dynamic -dynamic-linker /lib64/ld-linux-x86-64.so.2 -o cmTC_46cfc /bin/../lib/gcc/x86_64-linux-gnu/8/../../../x86_64-linux-gnu/crt1.o /bin/../lib/gcc/x86_64-linux-gnu/8/../../../x86_64-linux-gnu/crti.o /bin/../lib/gcc/x86_64-linux-gnu/8/crtbegin.o -L/bin/../lib/gcc/x86_64-linux-gnu/8 -L/bin/../lib/gcc/x86_64-linux-gnu/8/../../../x86_64-linux-gnu -L/bin/../lib/gcc/x86_64-linux-gnu/8/../../../../lib64 -L/lib/x86_64-linux-gnu -L/lib/../lib64 -L/usr/lib/x86_64-linux-gnu -L/usr/lib/../lib64 -L/usr/lib/x86_64-linux-gnu/../../lib64 -L/bin/../lib/gcc/x86_64-linux-gnu/8/../../.. -L/usr/lib/llvm-8/bin/../lib -L/lib -L/usr/lib CMakeFiles/cmTC_46cfc.dir/CMakeCCompilerABI.c.o -lgcc --as-needed -lgcc_s --no-as-needed -lc -lgcc --as-needed -lgcc_s --no-as-needed /bin/../lib/gcc/x86_64-linux-gnu/8/crtend.o /bin/../lib/gcc/x86_64-linux-gnu/8/../../../x86_64-linux-gnu/crtn.o]
    arg [/bin/ld] ==> ignore
    arg [-export-dynamic] ==> ignore
    arg [--hash-style=both] ==> ignore
    arg [--eh-frame-hdr] ==> ignore
    arg [-m] ==> ignore
    arg [elf_x86_64] ==> ignore
    arg [-export-dynamic] ==> ignore
    arg [-dynamic-linker] ==> ignore
    arg [/lib64/ld-linux-x86-64.so.2] ==> ignore
    arg [-o] ==> ignore
    arg [cmTC_46cfc] ==> ignore
    arg [/bin/../lib/gcc/x86_64-linux-gnu/8/../../../x86_64-linux-gnu/crt1.o] ==> ignore
    arg [/bin/../lib/gcc/x86_64-linux-gnu/8/../../../x86_64-linux-gnu/crti.o] ==> ignore
    arg [/bin/../lib/gcc/x86_64-linux-gnu/8/crtbegin.o] ==> ignore
    arg [-L/bin/../lib/gcc/x86_64-linux-gnu/8] ==> dir [/bin/../lib/gcc/x86_64-linux-gnu/8]
    arg [-L/bin/../lib/gcc/x86_64-linux-gnu/8/../../../x86_64-linux-gnu] ==> dir [/bin/../lib/gcc/x86_64-linux-gnu/8/../../../x86_64-linux-gnu]
    arg [-L/bin/../lib/gcc/x86_64-linux-gnu/8/../../../../lib64] ==> dir [/bin/../lib/gcc/x86_64-linux-gnu/8/../../../../lib64]
    arg [-L/lib/x86_64-linux-gnu] ==> dir [/lib/x86_64-linux-gnu]
    arg [-L/lib/../lib64] ==> dir [/lib/../lib64]
    arg [-L/usr/lib/x86_64-linux-gnu] ==> dir [/usr/lib/x86_64-linux-gnu]
    arg [-L/usr/lib/../lib64] ==> dir [/usr/lib/../lib64]
    arg [-L/usr/lib/x86_64-linux-gnu/../../lib64] ==> dir [/usr/lib/x86_64-linux-gnu/../../lib64]
    arg [-L/bin/../lib/gcc/x86_64-linux-gnu/8/../../..] ==> dir [/bin/../lib/gcc/x86_64-linux-gnu/8/../../..]
    arg [-L/usr/lib/llvm-8/bin/../lib] ==> dir [/usr/lib/llvm-8/bin/../lib]
    arg [-L/lib] ==> dir [/lib]
    arg [-L/usr/lib] ==> dir [/usr/lib]
    arg [CMakeFiles/cmTC_46cfc.dir/CMakeCCompilerABI.c.o] ==> ignore
    arg [-lgcc] ==> lib [gcc]
    arg [--as-needed] ==> ignore
    arg [-lgcc_s] ==> lib [gcc_s]
    arg [--no-as-needed] ==> ignore
    arg [-lc] ==> lib [c]
    arg [-lgcc] ==> lib [gcc]
    arg [--as-needed] ==> ignore
    arg [-lgcc_s] ==> lib [gcc_s]
    arg [--no-as-needed] ==> ignore
    arg [/bin/../lib/gcc/x86_64-linux-gnu/8/crtend.o] ==> ignore
    arg [/bin/../lib/gcc/x86_64-linux-gnu/8/../../../x86_64-linux-gnu/crtn.o] ==> ignore
  collapse library dir [/bin/../lib/gcc/x86_64-linux-gnu/8] ==> [/lib/gcc/x86_64-linux-gnu/8]
  collapse library dir [/bin/../lib/gcc/x86_64-linux-gnu/8/../../../x86_64-linux-gnu] ==> [/lib/x86_64-linux-gnu]
  collapse library dir [/bin/../lib/gcc/x86_64-linux-gnu/8/../../../../lib64] ==> [/lib64]
  collapse library dir [/lib/x86_64-linux-gnu] ==> [/lib/x86_64-linux-gnu]
  collapse library dir [/lib/../lib64] ==> [/lib64]
  collapse library dir [/usr/lib/x86_64-linux-gnu] ==> [/usr/lib/x86_64-linux-gnu]
  collapse library dir [/usr/lib/../lib64] ==> [/usr/lib64]
  collapse library dir [/usr/lib/x86_64-linux-gnu/../../lib64] ==> [/usr/lib64]
  collapse library dir [/bin/../lib/gcc/x86_64-linux-gnu/8/../../..] ==> [/lib]
  collapse library dir [/usr/lib/llvm-8/bin/../lib] ==> [/usr/lib/llvm-8/lib]
  collapse library dir [/lib] ==> [/lib]
  collapse library dir [/usr/lib] ==> [/usr/lib]
  implicit libs: [gcc;gcc_s;c;gcc;gcc_s]
  implicit dirs: [/lib/gcc/x86_64-linux-gnu/8;/lib/x86_64-linux-gnu;/lib64;/usr/lib/x86_64-linux-gnu;/usr/lib64;/lib;/usr/lib/llvm-8/lib;/usr/lib]
  implicit fwks: []




Detecting C [-std=c11] compiler features compiled with the following output:
Change Dir: /home/oleg/Documents/SensorFusion/SFND_3D_Object_Tracking/build/CMakeFiles/CMakeTmp

Run Build Command(s):/usr/bin/make cmTC_99444/fast 
/usr/bin/make -f CMakeFiles/cmTC_99444.dir/build.make CMakeFiles/cmTC_99444.dir/build
make[1]: Entering directory '/home/oleg/Documents/SensorFusion/SFND_3D_Object_Tracking/build/CMakeFiles/CMakeTmp'
Building C object CMakeFiles/cmTC_99444.dir/feature_tests.c.o
/bin/clang-8   -std=c11 -o CMakeFiles/cmTC_99444.dir/feature_tests.c.o   -c /home/oleg/Documents/SensorFusion/SFND_3D_Object_Tracking/build/CMakeFiles/feature_tests.c
Linking C executable cmTC_99444
/home/oleg/cmake-3.14.5-Linux-x86_64/bin/cmake -E cmake_link_script CMakeFiles/cmTC_99444.dir/link.txt --verbose=1
/bin/clang-8      -rdynamic CMakeFiles/cmTC_99444.dir/feature_tests.c.o  -o cmTC_99444 
make[1]: Leaving directory '/home/oleg/Documents/SensorFusion/SFND_3D_Object_Tracking/build/CMakeFiles/CMakeTmp'


    Feature record: C_FEATURE:1c_function_prototypes
    Feature record: C_FEATURE:1c_restrict
    Feature record: C_FEATURE:1c_static_assert
    Feature record: C_FEATURE:1c_variadic_macros


Detecting C [-std=c99] compiler features compiled with the following output:
Change Dir: /home/oleg/Documents/SensorFusion/SFND_3D_Object_Tracking/build/CMakeFiles/CMakeTmp

Run Build Command(s):/usr/bin/make cmTC_da5e4/fast 
/usr/bin/make -f CMakeFiles/cmTC_da5e4.dir/build.make CMakeFiles/cmTC_da5e4.dir/build
make[1]: Entering directory '/home/oleg/Documents/SensorFusion/SFND_3D_Object_Tracking/build/CMakeFiles/CMakeTmp'
Building C object CMakeFiles/cmTC_da5e4.dir/feature_tests.c.o
/bin/clang-8   -std=c99 -o CMakeFiles/cmTC_da5e4.dir/feature_tests.c.o   -c /home/oleg/Documents/SensorFusion/SFND_3D_Object_Tracking/build/CMakeFiles/feature_tests.c
Linking C executable cmTC_da5e4
/home/oleg/cmake-3.14.5-Linux-x86_64/bin/cmake -E cmake_link_script CMakeFiles/cmTC_da5e4.dir/link.txt --verbose=1
/bin/clang-8      -rdynamic CMakeFiles/cmTC_da5e4.dir/feature_tests.c.o  -o cmTC_da5e4 
make[1]: Leaving directory '/home/oleg/Documents/SensorFusion/SFND_3D_Object_Tracking/build/CMakeFiles/CMakeTmp'


    Feature record: C_FEATURE:1c_function_prototypes
    Feature record: C_FEATURE:1c_restrict
    Feature record: C_FEATURE:0c_static_assert
    Feature record: C_FEATURE:1c_variadic_macros


Detecting C [-std=c90] compiler features compiled with the following output:
Change Dir: /home/oleg/Documents/SensorFusion/SFND_3D_Object_Tracking/build/CMakeFiles/CMakeTmp

Run Build Command(s):/usr/bin/make cmTC_83159/fast 
/usr/bin/make -f CMakeFiles/cmTC_83159.dir/build.make CMakeFiles/cmTC_83159.dir/build
make[1]: Entering directory '/home/oleg/Documents/SensorFusion/SFND_3D_Object_Tracking/build/CMakeFiles/CMakeTmp'
Building C object CMakeFiles/cmTC_83159.dir/feature_tests.c.o
/bin/clang-8   -std=c90 -o CMakeFiles/cmTC_83159.dir/feature_tests.c.o   -c /home/oleg/Documents/SensorFusion/SFND_3D_Object_Tracking/build/CMakeFiles/feature_tests.c
Linking C executable cmTC_83159
/home/oleg/cmake-3.14.5-Linux-x86_64/bin/cmake -E cmake_link_script CMakeFiles/cmTC_83159.dir/link.txt --verbose=1
/bin/clang-8      -rdynamic CMakeFiles/cmTC_83159.dir/feature_tests.c.o  -o cmTC_83159 
make[1]: Leaving directory '/home/oleg/Documents/SensorFusion/SFND_3D_Object_Tracking/build/CMakeFiles/CMakeTmp'


    Feature record: C_FEATURE:1c_function_prototypes
    Feature record: C_FEATURE:0c_restrict
    Feature record: C_FEATURE:0c_static_assert
    Feature record: C_FEATURE:0c_variadic_macros
Determining if the CXX compiler works passed with the following output:
Change Dir: /home/oleg/Documents/SensorFusion/SFND_3D_Object_Tracking/build/CMakeFiles/CMakeTmp

Run Build Command(s):/usr/bin/make cmTC_c1beb/fast 
/usr/bin/make -f CMakeFiles/cmTC_c1beb.dir/build.make CMakeFiles/cmTC_c1beb.dir/build
make[1]: Entering directory '/home/oleg/Documents/SensorFusion/SFND_3D_Object_Tracking/build/CMakeFiles/CMakeTmp'
Building CXX object CMakeFiles/cmTC_c1beb.dir/testCXXCompiler.cxx.o
/bin/clang++-8     -o CMakeFiles/cmTC_c1beb.dir/testCXXCompiler.cxx.o -c /home/oleg/Documents/SensorFusion/SFND_3D_Object_Tracking/build/CMakeFiles/CMakeTmp/testCXXCompiler.cxx
Linking CXX executable cmTC_c1beb
/home/oleg/cmake-3.14.5-Linux-x86_64/bin/cmake -E cmake_link_script CMakeFiles/cmTC_c1beb.dir/link.txt --verbose=1
/bin/clang++-8       -rdynamic CMakeFiles/cmTC_c1beb.dir/testCXXCompiler.cxx.o  -o cmTC_c1beb 
make[1]: Leaving directory '/home/oleg/Documents/SensorFusion/SFND_3D_Object_Tracking/build/CMakeFiles/CMakeTmp'


Detecting CXX compiler ABI info compiled with the following output:
Change Dir: /home/oleg/Documents/SensorFusion/SFND_3D_Object_Tracking/build/CMakeFiles/CMakeTmp

Run Build Command(s):/usr/bin/make cmTC_1b624/fast 
/usr/bin/make -f CMakeFiles/cmTC_1b624.dir/build.make CMakeFiles/cmTC_1b624.dir/build
make[1]: Entering directory '/home/oleg/Documents/SensorFusion/SFND_3D_Object_Tracking/build/CMakeFiles/CMakeTmp'
Building CXX object CMakeFiles/cmTC_1b624.dir/CMakeCXXCompilerABI.cpp.o
/bin/clang++-8    -v -o CMakeFiles/cmTC_1b624.dir/CMakeCXXCompilerABI.cpp.o -c /home/oleg/cmake-3.14.5-Linux-x86_64/share/cmake-3.14/Modules/CMakeCXXCompilerABI.cpp
clang version 8.0.0-svn346579-1~exp1+0~20181110060506.1960~1.gbp6afd8e (trunk)
Target: x86_64-unknown-linux-gnu
Thread model: posix
InstalledDir: /bin
Found candidate GCC installation: /bin/../lib/gcc/x86_64-linux-gnu/4.9
Found candidate GCC installation: /bin/../lib/gcc/x86_64-linux-gnu/4.9.2
Found candidate GCC installation: /bin/../lib/gcc/x86_64-linux-gnu/5
Found candidate GCC installation: /bin/../lib/gcc/x86_64-linux-gnu/5.4.1
Found candidate GCC installation: /bin/../lib/gcc/x86_64-linux-gnu/6
Found candidate GCC installation: /bin/../lib/gcc/x86_64-linux-gnu/6.3.0
Found candidate GCC installation: /bin/../lib/gcc/x86_64-linux-gnu/8
Found candidate GCC installation: /usr/lib/gcc/x86_64-linux-gnu/4.9
Found candidate GCC installation: /usr/lib/gcc/x86_64-linux-gnu/4.9.2
Found candidate GCC installation: /usr/lib/gcc/x86_64-linux-gnu/5
Found candidate GCC installation: /usr/lib/gcc/x86_64-linux-gnu/5.4.1
Found candidate GCC installation: /usr/lib/gcc/x86_64-linux-gnu/6
Found candidate GCC installation: /usr/lib/gcc/x86_64-linux-gnu/6.3.0
Found candidate GCC installation: /usr/lib/gcc/x86_64-linux-gnu/8
Selected GCC installation: /bin/../lib/gcc/x86_64-linux-gnu/8
Candidate multilib: .;@m64
Selected multilib: .;@m64
 "/usr/lib/llvm-8/bin/clang" -cc1 -triple x86_64-unknown-linux-gnu -emit-obj -mrelax-all -disable-free -disable-llvm-verifier -discard-value-names -main-file-name CMakeCXXCompilerABI.cpp -mrelocation-model static -mthread-model posix -mdisable-fp-elim -fmath-errno -masm-verbose -mconstructor-aliases -munwind-tables -fuse-init-array -target-cpu x86-64 -dwarf-column-info -debugger-tuning=gdb -v -coverage-notes-file /home/oleg/Documents/SensorFusion/SFND_3D_Object_Tracking/build/CMakeFiles/CMakeTmp/CMakeFiles/cmTC_1b624.dir/CMakeCXXCompilerABI.cpp.gcno -resource-dir /usr/lib/llvm-8/lib/clang/8.0.0 -internal-isystem /bin/../lib/gcc/x86_64-linux-gnu/8/../../../../include/c++/8 -internal-isystem /bin/../lib/gcc/x86_64-linux-gnu/8/../../../../include/x86_64-linux-gnu/c++/8 -internal-isystem /bin/../lib/gcc/x86_64-linux-gnu/8/../../../../include/x86_64-linux-gnu/c++/8 -internal-isystem /bin/../lib/gcc/x86_64-linux-gnu/8/../../../../include/c++/8/backward -internal-isystem /usr/include/clang/8.0.0/include/ -internal-isystem /usr/local/include -internal-isystem /usr/lib/llvm-8/lib/clang/8.0.0/include -internal-externc-isystem /usr/include/x86_64-linux-gnu -internal-externc-isystem /include -internal-externc-isystem /usr/include -fdeprecated-macro -fdebug-compilation-dir /home/oleg/Documents/SensorFusion/SFND_3D_Object_Tracking/build/CMakeFiles/CMakeTmp -ferror-limit 19 -fmessage-length 0 -fobjc-runtime=gcc -fcxx-exceptions -fexceptions -fdiagnostics-show-option -o CMakeFiles/cmTC_1b624.dir/CMakeCXXCompilerABI.cpp.o -x c++ /home/oleg/cmake-3.14.5-Linux-x86_64/share/cmake-3.14/Modules/CMakeCXXCompilerABI.cpp -faddrsig
clang -cc1 version 8.0.0 based upon LLVM 8.0.0 default target x86_64-unknown-linux-gnu
ignoring nonexistent directory "/include"
ignoring duplicate directory "/bin/../lib/gcc/x86_64-linux-gnu/8/../../../../include/x86_64-linux-gnu/c++/8"
ignoring duplicate directory "/usr/include/clang/8.0.0/include"
#include "..." search starts here:
#include <...> search starts here:
 /bin/../lib/gcc/x86_64-linux-gnu/8/../../../../include/c++/8
 /bin/../lib/gcc/x86_64-linux-gnu/8/../../../../include/x86_64-linux-gnu/c++/8
 /bin/../lib/gcc/x86_64-linux-gnu/8/../../../../include/c++/8/backward
 /usr/include/clang/8.0.0/include
 /usr/local/include
 /usr/include/x86_64-linux-gnu
 /usr/include
End of search list.
Linking CXX executable cmTC_1b624
/home/oleg/cmake-3.14.5-Linux-x86_64/bin/cmake -E cmake_link_script CMakeFiles/cmTC_1b624.dir/link.txt --verbose=1
/bin/clang++-8      -v -rdynamic CMakeFiles/cmTC_1b624.dir/CMakeCXXCompilerABI.cpp.o  -o cmTC_1b624 
clang version 8.0.0-svn346579-1~exp1+0~20181110060506.1960~1.gbp6afd8e (trunk)
Target: x86_64-unknown-linux-gnu
Thread model: posix
InstalledDir: /bin
Found candidate GCC installation: /bin/../lib/gcc/x86_64-linux-gnu/4.9
Found candidate GCC installation: /bin/../lib/gcc/x86_64-linux-gnu/4.9.2
Found candidate GCC installation: /bin/../lib/gcc/x86_64-linux-gnu/5
Found candidate GCC installation: /bin/../lib/gcc/x86_64-linux-gnu/5.4.1
Found candidate GCC installation: /bin/../lib/gcc/x86_64-linux-gnu/6
Found candidate GCC installation: /bin/../lib/gcc/x86_64-linux-gnu/6.3.0
Found candidate GCC installation: /bin/../lib/gcc/x86_64-linux-gnu/8
Found candidate GCC installation: /usr/lib/gcc/x86_64-linux-gnu/4.9
Found candidate GCC installation: /usr/lib/gcc/x86_64-linux-gnu/4.9.2
Found candidate GCC installation: /usr/lib/gcc/x86_64-linux-gnu/5
Found candidate GCC installation: /usr/lib/gcc/x86_64-linux-gnu/5.4.1
Found candidate GCC installation: /usr/lib/gcc/x86_64-linux-gnu/6
Found candidate GCC installation: /usr/lib/gcc/x86_64-linux-gnu/6.3.0
Found candidate GCC installation: /usr/lib/gcc/x86_64-linux-gnu/8
Selected GCC installation: /bin/../lib/gcc/x86_64-linux-gnu/8
Candidate multilib: .;@m64
Selected multilib: .;@m64
 "/bin/ld" -export-dynamic --hash-style=both --eh-frame-hdr -m elf_x86_64 -export-dynamic -dynamic-linker /lib64/ld-linux-x86-64.so.2 -o cmTC_1b624 /bin/../lib/gcc/x86_64-linux-gnu/8/../../../x86_64-linux-gnu/crt1.o /bin/../lib/gcc/x86_64-linux-gnu/8/../../../x86_64-linux-gnu/crti.o /bin/../lib/gcc/x86_64-linux-gnu/8/crtbegin.o -L/bin/../lib/gcc/x86_64-linux-gnu/8 -L/bin/../lib/gcc/x86_64-linux-gnu/8/../../../x86_64-linux-gnu -L/bin/../lib/gcc/x86_64-linux-gnu/8/../../../../lib64 -L/lib/x86_64-linux-gnu -L/lib/../lib64 -L/usr/lib/x86_64-linux-gnu -L/usr/lib/../lib64 -L/usr/lib/x86_64-linux-gnu/../../lib64 -L/bin/../lib/gcc/x86_64-linux-gnu/8/../../.. -L/usr/lib/llvm-8/bin/../lib -L/lib -L/usr/lib CMakeFiles/cmTC_1b624.dir/CMakeCXXCompilerABI.cpp.o -lstdc++ -lm -lgcc_s -lgcc -lc -lgcc_s -lgcc /bin/../lib/gcc/x86_64-linux-gnu/8/crtend.o /bin/../lib/gcc/x86_64-linux-gnu/8/../../../x86_64-linux-gnu/crtn.o
make[1]: Leaving directory '/home/oleg/Documents/SensorFusion/SFND_3D_Object_Tracking/build/CMakeFiles/CMakeTmp'


Parsed CXX implicit include dir info from above output: rv=done
  found start of include info
  found start of implicit include info
    add: [/bin/../lib/gcc/x86_64-linux-gnu/8/../../../../include/c++/8]
    add: [/bin/../lib/gcc/x86_64-linux-gnu/8/../../../../include/x86_64-linux-gnu/c++/8]
    add: [/bin/../lib/gcc/x86_64-linux-gnu/8/../../../../include/c++/8/backward]
    add: [/usr/include/clang/8.0.0/include]
    add: [/usr/local/include]
    add: [/usr/include/x86_64-linux-gnu]
    add: [/usr/include]
  end of search list found
  collapse include dir [/bin/../lib/gcc/x86_64-linux-gnu/8/../../../../include/c++/8] ==> [/include/c++/8]
  collapse include dir [/bin/../lib/gcc/x86_64-linux-gnu/8/../../../../include/x86_64-linux-gnu/c++/8] ==> [/include/x86_64-linux-gnu/c++/8]
  collapse include dir [/bin/../lib/gcc/x86_64-linux-gnu/8/../../../../include/c++/8/backward] ==> [/include/c++/8/backward]
  collapse include dir [/usr/include/clang/8.0.0/include] ==> [/usr/include/clang/8.0.0/include]
  collapse include dir [/usr/local/include] ==> [/usr/local/include]
  collapse include dir [/usr/include/x86_64-linux-gnu] ==> [/usr/include/x86_64-linux-gnu]
  collapse include dir [/usr/include] ==> [/usr/include]
  implicit include dirs: [/include/c++/8;/include/x86_64-linux-gnu/c++/8;/include/c++/8/backward;/usr/include/clang/8.0.0/include;/usr/local/include;/usr/include/x86_64-linux-gnu;/usr/include]


Parsed CXX implicit link information from above output:
  link line regex: [^( *|.*[/\])(ld|CMAKE_LINK_STARTFILE-NOTFOUND|([^/\]+-)?ld|collect2)[^/\]*( |$)]
  ignore line: [Change Dir: /home/oleg/Documents/SensorFusion/SFND_3D_Object_Tracking/build/CMakeFiles/CMakeTmp]
  ignore line: []
  ignore line: [Run Build Command(s):/usr/bin/make cmTC_1b624/fast ]
  ignore line: [/usr/bin/make -f CMakeFiles/cmTC_1b624.dir/build.make CMakeFiles/cmTC_1b624.dir/build]
  ignore line: [make[1]: Entering directory '/home/oleg/Documents/SensorFusion/SFND_3D_Object_Tracking/build/CMakeFiles/CMakeTmp']
  ignore line: [Building CXX object CMakeFiles/cmTC_1b624.dir/CMakeCXXCompilerABI.cpp.o]
  ignore line: [/bin/clang++-8    -v -o CMakeFiles/cmTC_1b624.dir/CMakeCXXCompilerABI.cpp.o -c /home/oleg/cmake-3.14.5-Linux-x86_64/share/cmake-3.14/Modules/CMakeCXXCompilerABI.cpp]
  ignore line: [clang version 8.0.0-svn346579-1~exp1+0~20181110060506.1960~1.gbp6afd8e (trunk)]
  ignore line: [Target: x86_64-unknown-linux-gnu]
  ignore line: [Thread model: posix]
  ignore line: [InstalledDir: /bin]
  ignore line: [Found candidate GCC installation: /bin/../lib/gcc/x86_64-linux-gnu/4.9]
  ignore line: [Found candidate GCC installation: /bin/../lib/gcc/x86_64-linux-gnu/4.9.2]
  ignore line: [Found candidate GCC installation: /bin/../lib/gcc/x86_64-linux-gnu/5]
  ignore line: [Found candidate GCC installation: /bin/../lib/gcc/x86_64-linux-gnu/5.4.1]
  ignore line: [Found candidate GCC installation: /bin/../lib/gcc/x86_64-linux-gnu/6]
  ignore line: [Found candidate GCC installation: /bin/../lib/gcc/x86_64-linux-gnu/6.3.0]
  ignore line: [Found candidate GCC installation: /bin/../lib/gcc/x86_64-linux-gnu/8]
  ignore line: [Found candidate GCC installation: /usr/lib/gcc/x86_64-linux-gnu/4.9]
  ignore line: [Found candidate GCC installation: /usr/lib/gcc/x86_64-linux-gnu/4.9.2]
  ignore line: [Found candidate GCC installation: /usr/lib/gcc/x86_64-linux-gnu/5]
  ignore line: [Found candidate GCC installation: /usr/lib/gcc/x86_64-linux-gnu/5.4.1]
  ignore line: [Found candidate GCC installation: /usr/lib/gcc/x86_64-linux-gnu/6]
  ignore line: [Found candidate GCC installation: /usr/lib/gcc/x86_64-linux-gnu/6.3.0]
  ignore line: [Found candidate GCC installation: /usr/lib/gcc/x86_64-linux-gnu/8]
  ignore line: [Selected GCC installation: /bin/../lib/gcc/x86_64-linux-gnu/8]
  ignore line: [Candidate multilib: .]
  ignore line: [@m64]
  ignore line: [Selected multilib: .]
  ignore line: [@m64]
  ignore line: [ "/usr/lib/llvm-8/bin/clang" -cc1 -triple x86_64-unknown-linux-gnu -emit-obj -mrelax-all -disable-free -disable-llvm-verifier -discard-value-names -main-file-name CMakeCXXCompilerABI.cpp -mrelocation-model static -mthread-model posix -mdisable-fp-elim -fmath-errno -masm-verbose -mconstructor-aliases -munwind-tables -fuse-init-array -target-cpu x86-64 -dwarf-column-info -debugger-tuning=gdb -v -coverage-notes-file /home/oleg/Documents/SensorFusion/SFND_3D_Object_Tracking/build/CMakeFiles/CMakeTmp/CMakeFiles/cmTC_1b624.dir/CMakeCXXCompilerABI.cpp.gcno -resource-dir /usr/lib/llvm-8/lib/clang/8.0.0 -internal-isystem /bin/../lib/gcc/x86_64-linux-gnu/8/../../../../include/c++/8 -internal-isystem /bin/../lib/gcc/x86_64-linux-gnu/8/../../../../include/x86_64-linux-gnu/c++/8 -internal-isystem /bin/../lib/gcc/x86_64-linux-gnu/8/../../../../include/x86_64-linux-gnu/c++/8 -internal-isystem /bin/../lib/gcc/x86_64-linux-gnu/8/../../../../include/c++/8/backward -internal-isystem /usr/include/clang/8.0.0/include/ -internal-isystem /usr/local/include -internal-isystem /usr/lib/llvm-8/lib/clang/8.0.0/include -internal-externc-isystem /usr/include/x86_64-linux-gnu -internal-externc-isystem /include -internal-externc-isystem /usr/include -fdeprecated-macro -fdebug-compilation-dir /home/oleg/Documents/SensorFusion/SFND_3D_Object_Tracking/build/CMakeFiles/CMakeTmp -ferror-limit 19 -fmessage-length 0 -fobjc-runtime=gcc -fcxx-exceptions -fexceptions -fdiagnostics-show-option -o CMakeFiles/cmTC_1b624.dir/CMakeCXXCompilerABI.cpp.o -x c++ /home/oleg/cmake-3.14.5-Linux-x86_64/share/cmake-3.14/Modules/CMakeCXXCompilerABI.cpp -faddrsig]
  ignore line: [clang -cc1 version 8.0.0 based upon LLVM 8.0.0 default target x86_64-unknown-linux-gnu]
  ignore line: [ignoring nonexistent directory "/include"]
  ignore line: [ignoring duplicate directory "/bin/../lib/gcc/x86_64-linux-gnu/8/../../../../include/x86_64-linux-gnu/c++/8"]
  ignore line: [ignoring duplicate directory "/usr/include/clang/8.0.0/include"]
  ignore line: [#include "..." search starts here:]
  ignore line: [#include <...> search starts here:]
  ignore line: [ /bin/../lib/gcc/x86_64-linux-gnu/8/../../../../include/c++/8]
  ignore line: [ /bin/../lib/gcc/x86_64-linux-gnu/8/../../../../include/x86_64-linux-gnu/c++/8]
  ignore line: [ /bin/../lib/gcc/x86_64-linux-gnu/8/../../../../include/c++/8/backward]
  ignore line: [ /usr/include/clang/8.0.0/include]
  ignore line: [ /usr/local/include]
  ignore line: [ /usr/include/x86_64-linux-gnu]
  ignore line: [ /usr/include]
  ignore line: [End of search list.]
  ignore line: [Linking CXX executable cmTC_1b624]
  ignore line: [/home/oleg/cmake-3.14.5-Linux-x86_64/bin/cmake -E cmake_link_script CMakeFiles/cmTC_1b624.dir/link.txt --verbose=1]
  ignore line: [/bin/clang++-8      -v -rdynamic CMakeFiles/cmTC_1b624.dir/CMakeCXXCompilerABI.cpp.o  -o cmTC_1b624 ]
  ignore line: [clang version 8.0.0-svn346579-1~exp1+0~20181110060506.1960~1.gbp6afd8e (trunk)]
  ignore line: [Target: x86_64-unknown-linux-gnu]
  ignore line: [Thread model: posix]
  ignore line: [InstalledDir: /bin]
  ignore line: [Found candidate GCC installation: /bin/../lib/gcc/x86_64-linux-gnu/4.9]
  ignore line: [Found candidate GCC installation: /bin/../lib/gcc/x86_64-linux-gnu/4.9.2]
  ignore line: [Found candidate GCC installation: /bin/../lib/gcc/x86_64-linux-gnu/5]
  ignore line: [Found candidate GCC installation: /bin/../lib/gcc/x86_64-linux-gnu/5.4.1]
  ignore line: [Found candidate GCC installation: /bin/../lib/gcc/x86_64-linux-gnu/6]
  ignore line: [Found candidate GCC installation: /bin/../lib/gcc/x86_64-linux-gnu/6.3.0]
  ignore line: [Found candidate GCC installation: /bin/../lib/gcc/x86_64-linux-gnu/8]
  ignore line: [Found candidate GCC installation: /usr/lib/gcc/x86_64-linux-gnu/4.9]
  ignore line: [Found candidate GCC installation: /usr/lib/gcc/x86_64-linux-gnu/4.9.2]
  ignore line: [Found candidate GCC installation: /usr/lib/gcc/x86_64-linux-gnu/5]
  ignore line: [Found candidate GCC installation: /usr/lib/gcc/x86_64-linux-gnu/5.4.1]
  ignore line: [Found candidate GCC installation: /usr/lib/gcc/x86_64-linux-gnu/6]
  ignore line: [Found candidate GCC installation: /usr/lib/gcc/x86_64-linux-gnu/6.3.0]
  ignore line: [Found candidate GCC installation: /usr/lib/gcc/x86_64-linux-gnu/8]
  ignore line: [Selected GCC installation: /bin/../lib/gcc/x86_64-linux-gnu/8]
  ignore line: [Candidate multilib: .]
  ignore line: [@m64]
  ignore line: [Selected multilib: .]
  ignore line: [@m64]
  link line: [ "/bin/ld" -export-dynamic --hash-style=both --eh-frame-hdr -m elf_x86_64 -export-dynamic -dynamic-linker /lib64/ld-linux-x86-64.so.2 -o cmTC_1b624 /bin/../lib/gcc/x86_64-linux-gnu/8/../../../x86_64-linux-gnu/crt1.o /bin/../lib/gcc/x86_64-linux-gnu/8/../../../x86_64-linux-gnu/crti.o /bin/../lib/gcc/x86_64-linux-gnu/8/crtbegin.o -L/bin/../lib/gcc/x86_64-linux-gnu/8 -L/bin/../lib/gcc/x86_64-linux-gnu/8/../../../x86_64-linux-gnu -L/bin/../lib/gcc/x86_64-linux-gnu/8/../../../../lib64 -L/lib/x86_64-linux-gnu -L/lib/../lib64 -L/usr/lib/x86_64-linux-gnu -L/usr/lib/../lib64 -L/usr/lib/x86_64-linux-gnu/../../lib64 -L/bin/../lib/gcc/x86_64-linux-gnu/8/../../.. -L/usr/lib/llvm-8/bin/../lib -L/lib -L/usr/lib CMakeFiles/cmTC_1b624.dir/CMakeCXXCompilerABI.cpp.o -lstdc++ -lm -lgcc_s -lgcc -lc -lgcc_s -lgcc /bin/../lib/gcc/x86_64-linux-gnu/8/crtend.o /bin/../lib/gcc/x86_64-linux-gnu/8/../../../x86_64-linux-gnu/crtn.o]
    arg [/bin/ld] ==> ignore
    arg [-export-dynamic] ==> ignore
    arg [--hash-style=both] ==> ignore
    arg [--eh-frame-hdr] ==> ignore
    arg [-m] ==> ignore
    arg [elf_x86_64] ==> ignore
    arg [-export-dynamic] ==> ignore
    arg [-dynamic-linker] ==> ignore
    arg [/lib64/ld-linux-x86-64.so.2] ==> ignore
    arg [-o] ==> ignore
    arg [cmTC_1b624] ==> ignore
    arg [/bin/../lib/gcc/x86_64-linux-gnu/8/../../../x86_64-linux-gnu/crt1.o] ==> ignore
    arg [/bin/../lib/gcc/x86_64-linux-gnu/8/../../../x86_64-linux-gnu/crti.o] ==> ignore
    arg [/bin/../lib/gcc/x86_64-linux-gnu/8/crtbegin.o] ==> ignore
    arg [-L/bin/../lib/gcc/x86_64-linux-gnu/8] ==> dir [/bin/../lib/gcc/x86_64-linux-gnu/8]
    arg [-L/bin/../lib/gcc/x86_64-linux-gnu/8/../../../x86_64-linux-gnu] ==> dir [/bin/../lib/gcc/x86_64-linux-gnu/8/../../../x86_64-linux-gnu]
    arg [-L/bin/../lib/gcc/x86_64-linux-gnu/8/../../../../lib64] ==> dir [/bin/../lib/gcc/x86_64-linux-gnu/8/../../../../lib64]
    arg [-L/lib/x86_64-linux-gnu] ==> dir [/lib/x86_64-linux-gnu]
    arg [-L/lib/../lib64] ==> dir [/lib/../lib64]
    arg [-L/usr/lib/x86_64-linux-gnu] ==> dir [/usr/lib/x86_64-linux-gnu]
    arg [-L/usr/lib/../lib64] ==> dir [/usr/lib/../lib64]
    arg [-L/usr/lib/x86_64-linux-gnu/../../lib64] ==> dir [/usr/lib/x86_64-linux-gnu/../../lib64]
    arg [-L/bin/../lib/gcc/x86_64-linux-gnu/8/../../..] ==> dir [/bin/../lib/gcc/x86_64-linux-gnu/8/../../..]
    arg [-L/usr/lib/llvm-8/bin/../lib] ==> dir [/usr/lib/llvm-8/bin/../lib]
    arg [-L/lib] ==> dir [/lib]
    arg [-L/usr/lib] ==> dir [/usr/lib]
    arg [CMakeFiles/cmTC_1b624.dir/CMakeCXXCompilerABI.cpp.o] ==> ignore
    arg [-lstdc++] ==> lib [stdc++]
    arg [-lm] ==> lib [m]
    arg [-lgcc_s] ==> lib [gcc_s]
    arg [-lgcc] ==> lib [gcc]
    arg [-lc] ==> lib [c]
    arg [-lgcc_s] ==> lib [gcc_s]
    arg [-lgcc] ==> lib [gcc]
    arg [/bin/../lib/gcc/x86_64-linux-gnu/8/crtend.o] ==> ignore
    arg [/bin/../lib/gcc/x86_64-linux-gnu/8/../../../x86_64-linux-gnu/crtn.o] ==> ignore
  collapse library dir [/bin/../lib/gcc/x86_64-linux-gnu/8] ==> [/lib/gcc/x86_64-linux-gnu/8]
  collapse library dir [/bin/../lib/gcc/x86_64-linux-gnu/8/../../../x86_64-linux-gnu] ==> [/lib/x86_64-linux-gnu]
  collapse library dir [/bin/../lib/gcc/x86_64-linux-gnu/8/../../../../lib64] ==> [/lib64]
  collapse library dir [/lib/x86_64-linux-gnu] ==> [/lib/x86_64-linux-gnu]
  collapse library dir [/lib/../lib64] ==> [/lib64]
  collapse library dir [/usr/lib/x86_64-linux-gnu] ==> [/usr/lib/x86_64-linux-gnu]
  collapse library dir [/usr/lib/../lib64] ==> [/usr/lib64]
  collapse library dir [/usr/lib/x86_64-linux-gnu/../../lib64] ==> [/usr/lib64]
  collapse library dir [/bin/../lib/gcc/x86_64-linux-gnu/8/../../..] ==> [/lib]
  collapse library dir [/usr/lib/llvm-8/bin/../lib] ==> [/usr/lib/llvm-8/lib]
  collapse library dir [/lib] ==> [/lib]
  collapse library dir [/usr/lib] ==> [/usr/lib]
  implicit libs: [stdc++;m;gcc_s;gcc;c;gcc_s;gcc]
  implicit dirs: [/lib/gcc/x86_64-linux-gnu/8;/lib/x86_64-linux-gnu;/lib64;/usr/lib/x86_64-linux-gnu;/usr/lib64;/lib;/usr/lib/llvm-8/lib;/usr/lib]
  implicit fwks: []




Detecting CXX [-std=c++2a] compiler features compiled with the following output:
Change Dir: /home/oleg/Documents/SensorFusion/SFND_3D_Object_Tracking/build/CMakeFiles/CMakeTmp

Run Build Command(s):/usr/bin/make cmTC_d1846/fast 
/usr/bin/make -f CMakeFiles/cmTC_d1846.dir/build.make CMakeFiles/cmTC_d1846.dir/build
make[1]: Entering directory '/home/oleg/Documents/SensorFusion/SFND_3D_Object_Tracking/build/CMakeFiles/CMakeTmp'
Building CXX object CMakeFiles/cmTC_d1846.dir/feature_tests.cxx.o
/bin/clang++-8    -std=c++2a -o CMakeFiles/cmTC_d1846.dir/feature_tests.cxx.o -c /home/oleg/Documents/SensorFusion/SFND_3D_Object_Tracking/build/CMakeFiles/feature_tests.cxx
Linking CXX executable cmTC_d1846
/home/oleg/cmake-3.14.5-Linux-x86_64/bin/cmake -E cmake_link_script CMakeFiles/cmTC_d1846.dir/link.txt --verbose=1
/bin/clang++-8       -rdynamic CMakeFiles/cmTC_d1846.dir/feature_tests.cxx.o  -o cmTC_d1846 
make[1]: Leaving directory '/home/oleg/Documents/SensorFusion/SFND_3D_Object_Tracking/build/CMakeFiles/CMakeTmp'


    Feature record: CXX_FEATURE:1cxx_aggregate_default_initializers
    Feature record: CXX_FEATURE:1cxx_alias_templates
    Feature record: CXX_FEATURE:1cxx_alignas
    Feature record: CXX_FEATURE:1cxx_alignof
    Feature record: CXX_FEATURE:1cxx_attributes
    Feature record: CXX_FEATURE:1cxx_attribute_deprecated
    Feature record: CXX_FEATURE:1cxx_auto_type
    Feature record: CXX_FEATURE:1cxx_binary_literals
    Feature record: CXX_FEATURE:1cxx_constexpr
    Feature record: CXX_FEATURE:1cxx_contextual_conversions
    Feature record: CXX_FEATURE:1cxx_decltype
    Feature record: CXX_FEATURE:1cxx_decltype_auto
    Feature record: CXX_FEATURE:1cxx_decltype_incomplete_return_types
    Feature record: CXX_FEATURE:1cxx_default_function_template_args
    Feature record: CXX_FEATURE:1cxx_defaulted_functions
    Feature record: CXX_FEATURE:1cxx_defaulted_move_initializers
    Feature record: CXX_FEATURE:1cxx_delegating_constructors
    Feature record: CXX_FEATURE:1cxx_deleted_functions
    Feature record: CXX_FEATURE:1cxx_digit_separators
    Feature record: CXX_FEATURE:1cxx_enum_forward_declarations
    Feature record: CXX_FEATURE:1cxx_explicit_conversions
    Feature record: CXX_FEATURE:1cxx_extended_friend_declarations
    Feature record: CXX_FEATURE:1cxx_extern_templates
    Feature record: CXX_FEATURE:1cxx_final
    Feature record: CXX_FEATURE:1cxx_func_identifier
    Feature record: CXX_FEATURE:1cxx_generalized_initializers
    Feature record: CXX_FEATURE:1cxx_generic_lambdas
    Feature record: CXX_FEATURE:1cxx_inheriting_constructors
    Feature record: CXX_FEATURE:1cxx_inline_namespaces
    Feature record: CXX_FEATURE:1cxx_lambdas
    Feature record: CXX_FEATURE:1cxx_lambda_init_captures
    Feature record: CXX_FEATURE:1cxx_local_type_template_args
    Feature record: CXX_FEATURE:1cxx_long_long_type
    Feature record: CXX_FEATURE:1cxx_noexcept
    Feature record: CXX_FEATURE:1cxx_nonstatic_member_init
    Feature record: CXX_FEATURE:1cxx_nullptr
    Feature record: CXX_FEATURE:1cxx_override
    Feature record: CXX_FEATURE:1cxx_range_for
    Feature record: CXX_FEATURE:1cxx_raw_string_literals
    Feature record: CXX_FEATURE:1cxx_reference_qualified_functions
    Feature record: CXX_FEATURE:1cxx_relaxed_constexpr
    Feature record: CXX_FEATURE:1cxx_return_type_deduction
    Feature record: CXX_FEATURE:1cxx_right_angle_brackets
    Feature record: CXX_FEATURE:1cxx_rvalue_references
    Feature record: CXX_FEATURE:1cxx_sizeof_member
    Feature record: CXX_FEATURE:1cxx_static_assert
    Feature record: CXX_FEATURE:1cxx_strong_enums
    Feature record: CXX_FEATURE:1cxx_template_template_parameters
    Feature record: CXX_FEATURE:1cxx_thread_local
    Feature record: CXX_FEATURE:1cxx_trailing_return_types
    Feature record: CXX_FEATURE:1cxx_unicode_literals
    Feature record: CXX_FEATURE:1cxx_uniform_initialization
    Feature record: CXX_FEATURE:1cxx_unrestricted_unions
    Feature record: CXX_FEATURE:1cxx_user_literals
    Feature record: CXX_FEATURE:1cxx_variable_templates
    Feature record: CXX_FEATURE:1cxx_variadic_macros
    Feature record: CXX_FEATURE:1cxx_variadic_templates


Detecting CXX [-std=c++17] compiler features compiled with the following output:
Change Dir: /home/oleg/Documents/SensorFusion/SFND_3D_Object_Tracking/build/CMakeFiles/CMakeTmp

Run Build Command(s):/usr/bin/make cmTC_bfe1a/fast 
/usr/bin/make -f CMakeFiles/cmTC_bfe1a.dir/build.make CMakeFiles/cmTC_bfe1a.dir/build
make[1]: Entering directory '/home/oleg/Documents/SensorFusion/SFND_3D_Object_Tracking/build/CMakeFiles/CMakeTmp'
Building CXX object CMakeFiles/cmTC_bfe1a.dir/feature_tests.cxx.o
/bin/clang++-8    -std=c++17 -o CMakeFiles/cmTC_bfe1a.dir/feature_tests.cxx.o -c /home/oleg/Documents/SensorFusion/SFND_3D_Object_Tracking/build/CMakeFiles/feature_tests.cxx
Linking CXX executable cmTC_bfe1a
/home/oleg/cmake-3.14.5-Linux-x86_64/bin/cmake -E cmake_link_script CMakeFiles/cmTC_bfe1a.dir/link.txt --verbose=1
/bin/clang++-8       -rdynamic CMakeFiles/cmTC_bfe1a.dir/feature_tests.cxx.o  -o cmTC_bfe1a 
make[1]: Leaving directory '/home/oleg/Documents/SensorFusion/SFND_3D_Object_Tracking/build/CMakeFiles/CMakeTmp'


    Feature record: CXX_FEATURE:1cxx_aggregate_default_initializers
    Feature record: CXX_FEATURE:1cxx_alias_templates
    Feature record: CXX_FEATURE:1cxx_alignas
    Feature record: CXX_FEATURE:1cxx_alignof
    Feature record: CXX_FEATURE:1cxx_attributes
    Feature record: CXX_FEATURE:1cxx_attribute_deprecated
    Feature record: CXX_FEATURE:1cxx_auto_type
    Feature record: CXX_FEATURE:1cxx_binary_literals
    Feature record: CXX_FEATURE:1cxx_constexpr
    Feature record: CXX_FEATURE:1cxx_contextual_conversions
    Feature record: CXX_FEATURE:1cxx_decltype
    Feature record: CXX_FEATURE:1cxx_decltype_auto
    Feature record: CXX_FEATURE:1cxx_decltype_incomplete_return_types
    Feature record: CXX_FEATURE:1cxx_default_function_template_args
    Feature record: CXX_FEATURE:1cxx_defaulted_functions
    Feature record: CXX_FEATURE:1cxx_defaulted_move_initializers
    Feature record: CXX_FEATURE:1cxx_delegating_constructors
    Feature record: CXX_FEATURE:1cxx_deleted_functions
    Feature record: CXX_FEATURE:1cxx_digit_separators
    Feature record: CXX_FEATURE:1cxx_enum_forward_declarations
    Feature record: CXX_FEATURE:1cxx_explicit_conversions
    Feature record: CXX_FEATURE:1cxx_extended_friend_declarations
    Feature record: CXX_FEATURE:1cxx_extern_templates
    Feature record: CXX_FEATURE:1cxx_final
    Feature record: CXX_FEATURE:1cxx_func_identifier
    Feature record: CXX_FEATURE:1cxx_generalized_initializers
    Feature record: CXX_FEATURE:1cxx_generic_lambdas
    Feature record: CXX_FEATURE:1cxx_inheriting_constructors
    Feature record: CXX_FEATURE:1cxx_inline_namespaces
    Feature record: CXX_FEATURE:1cxx_lambdas
    Feature record: CXX_FEATURE:1cxx_lambda_init_captures
    Feature record: CXX_FEATURE:1cxx_local_type_template_args
    Feature record: CXX_FEATURE:1cxx_long_long_type
    Feature record: CXX_FEATURE:1cxx_noexcept
    Feature record: CXX_FEATURE:1cxx_nonstatic_member_init
    Feature record: CXX_FEATURE:1cxx_nullptr
    Feature record: CXX_FEATURE:1cxx_override
    Feature record: CXX_FEATURE:1cxx_range_for
    Feature record: CXX_FEATURE:1cxx_raw_string_literals
    Feature record: CXX_FEATURE:1cxx_reference_qualified_functions
    Feature record: CXX_FEATURE:1cxx_relaxed_constexpr
    Feature record: CXX_FEATURE:1cxx_return_type_deduction
    Feature record: CXX_FEATURE:1cxx_right_angle_brackets
    Feature record: CXX_FEATURE:1cxx_rvalue_references
    Feature record: CXX_FEATURE:1cxx_sizeof_member
    Feature record: CXX_FEATURE:1cxx_static_assert
    Feature record: CXX_FEATURE:1cxx_strong_enums
    Feature record: CXX_FEATURE:1cxx_template_template_parameters
    Feature record: CXX_FEATURE:1cxx_thread_local
    Feature record: CXX_FEATURE:1cxx_trailing_return_types
    Feature record: CXX_FEATURE:1cxx_unicode_literals
    Feature record: CXX_FEATURE:1cxx_uniform_initialization
    Feature record: CXX_FEATURE:1cxx_unrestricted_unions
    Feature record: CXX_FEATURE:1cxx_user_literals
    Feature record: CXX_FEATURE:1cxx_variable_templates
    Feature record: CXX_FEATURE:1cxx_variadic_macros
    Feature record: CXX_FEATURE:1cxx_variadic_templates


Detecting CXX [-std=c++14] compiler features compiled with the following output:
Change Dir: /home/oleg/Documents/SensorFusion/SFND_3D_Object_Tracking/build/CMakeFiles/CMakeTmp

Run Build Command(s):/usr/bin/make cmTC_40365/fast 
/usr/bin/make -f CMakeFiles/cmTC_40365.dir/build.make CMakeFiles/cmTC_40365.dir/build
make[1]: Entering directory '/home/oleg/Documents/SensorFusion/SFND_3D_Object_Tracking/build/CMakeFiles/CMakeTmp'
Building CXX object CMakeFiles/cmTC_40365.dir/feature_tests.cxx.o
/bin/clang++-8    -std=c++14 -o CMakeFiles/cmTC_40365.dir/feature_tests.cxx.o -c /home/oleg/Documents/SensorFusion/SFND_3D_Object_Tracking/build/CMakeFiles/feature_tests.cxx
Linking CXX executable cmTC_40365
/home/oleg/cmake-3.14.5-Linux-x86_64/bin/cmake -E cmake_link_script CMakeFiles/cmTC_40365.dir/link.txt --verbose=1
/bin/clang++-8       -rdynamic CMakeFiles/cmTC_40365.dir/feature_tests.cxx.o  -o cmTC_40365 
make[1]: Leaving directory '/home/oleg/Documents/SensorFusion/SFND_3D_Object_Tracking/build/CMakeFiles/CMakeTmp'


    Feature record: CXX_FEATURE:1cxx_aggregate_default_initializers
    Feature record: CXX_FEATURE:1cxx_alias_templates
    Feature record: CXX_FEATURE:1cxx_alignas
    Feature record: CXX_FEATURE:1cxx_alignof
    Feature record: CXX_FEATURE:1cxx_attributes
    Feature record: CXX_FEATURE:1cxx_attribute_deprecated
    Feature record: CXX_FEATURE:1cxx_auto_type
    Feature record: CXX_FEATURE:1cxx_binary_literals
    Feature record: CXX_FEATURE:1cxx_constexpr
    Feature record: CXX_FEATURE:1cxx_contextual_conversions
    Feature record: CXX_FEATURE:1cxx_decltype
    Feature record: CXX_FEATURE:1cxx_decltype_auto
    Feature record: CXX_FEATURE:1cxx_decltype_incomplete_return_types
    Feature record: CXX_FEATURE:1cxx_default_function_template_args
    Feature record: CXX_FEATURE:1cxx_defaulted_functions
    Feature record: CXX_FEATURE:1cxx_defaulted_move_initializers
    Feature record: CXX_FEATURE:1cxx_delegating_constructors
    Feature record: CXX_FEATURE:1cxx_deleted_functions
    Feature record: CXX_FEATURE:1cxx_digit_separators
    Feature record: CXX_FEATURE:1cxx_enum_forward_declarations
    Feature record: CXX_FEATURE:1cxx_explicit_conversions
    Feature record: CXX_FEATURE:1cxx_extended_friend_declarations
    Feature record: CXX_FEATURE:1cxx_extern_templates
    Feature record: CXX_FEATURE:1cxx_final
    Feature record: CXX_FEATURE:1cxx_func_identifier
    Feature record: CXX_FEATURE:1cxx_generalized_initializers
    Feature record: CXX_FEATURE:1cxx_generic_lambdas
    Feature record: CXX_FEATURE:1cxx_inheriting_constructors
    Feature record: CXX_FEATURE:1cxx_inline_namespaces
    Feature record: CXX_FEATURE:1cxx_lambdas
    Feature record: CXX_FEATURE:1cxx_lambda_init_captures
    Feature record: CXX_FEATURE:1cxx_local_type_template_args
    Feature record: CXX_FEATURE:1cxx_long_long_type
    Feature record: CXX_FEATURE:1cxx_noexcept
    Feature record: CXX_FEATURE:1cxx_nonstatic_member_init
    Feature record: CXX_FEATURE:1cxx_nullptr
    Feature record: CXX_FEATURE:1cxx_override
    Feature record: CXX_FEATURE:1cxx_range_for
    Feature record: CXX_FEATURE:1cxx_raw_string_literals
    Feature record: CXX_FEATURE:1cxx_reference_qualified_functions
    Feature record: CXX_FEATURE:1cxx_relaxed_constexpr
    Feature record: CXX_FEATURE:1cxx_return_type_deduction
    Feature record: CXX_FEATURE:1cxx_right_angle_brackets
    Feature record: CXX_FEATURE:1cxx_rvalue_references
    Feature record: CXX_FEATURE:1cxx_sizeof_member
    Feature record: CXX_FEATURE:1cxx_static_assert
    Feature record: CXX_FEATURE:1cxx_strong_enums
    Feature record: CXX_FEATURE:1cxx_template_template_parameters
    Feature record: CXX_FEATURE:1cxx_thread_local
    Feature record: CXX_FEATURE:1cxx_trailing_return_types
    Feature record: CXX_FEATURE:1cxx_unicode_literals
    Feature record: CXX_FEATURE:1cxx_uniform_initialization
    Feature record: CXX_FEATURE:1cxx_unrestricted_unions
    Feature record: CXX_FEATURE:1cxx_user_literals
    Feature record: CXX_FEATURE:1cxx_variable_templates
    Feature record: CXX_FEATURE:1cxx_variadic_macros
    Feature record: CXX_FEATURE:1cxx_variadic_templates


Detecting CXX [-std=c++11] compiler features compiled with the following output:
Change Dir: /home/oleg/Documents/SensorFusion/SFND_3D_Object_Tracking/build/CMakeFiles/CMakeTmp

Run Build Command(s):/usr/bin/make cmTC_1d3c6/fast 
/usr/bin/make -f CMakeFiles/cmTC_1d3c6.dir/build.make CMakeFiles/cmTC_1d3c6.dir/build
make[1]: Entering directory '/home/oleg/Documents/SensorFusion/SFND_3D_Object_Tracking/build/CMakeFiles/CMakeTmp'
Building CXX object CMakeFiles/cmTC_1d3c6.dir/feature_tests.cxx.o
/bin/clang++-8    -std=c++11 -o CMakeFiles/cmTC_1d3c6.dir/feature_tests.cxx.o -c /home/oleg/Documents/SensorFusion/SFND_3D_Object_Tracking/build/CMakeFiles/feature_tests.cxx
Linking CXX executable cmTC_1d3c6
/home/oleg/cmake-3.14.5-Linux-x86_64/bin/cmake -E cmake_link_script CMakeFiles/cmTC_1d3c6.dir/link.txt --verbose=1
/bin/clang++-8       -rdynamic CMakeFiles/cmTC_1d3c6.dir/feature_tests.cxx.o  -o cmTC_1d3c6 
make[1]: Leaving directory '/home/oleg/Documents/SensorFusion/SFND_3D_Object_Tracking/build/CMakeFiles/CMakeTmp'


    Feature record: CXX_FEATURE:0cxx_aggregate_default_initializers
    Feature record: CXX_FEATURE:1cxx_alias_templates
    Feature record: CXX_FEATURE:1cxx_alignas
    Feature record: CXX_FEATURE:1cxx_alignof
    Feature record: CXX_FEATURE:1cxx_attributes
    Feature record: CXX_FEATURE:0cxx_attribute_deprecated
    Feature record: CXX_FEATURE:1cxx_auto_type
    Feature record: CXX_FEATURE:0cxx_binary_literals
    Feature record: CXX_FEATURE:1cxx_constexpr
    Feature record: CXX_FEATURE:0cxx_contextual_conversions
    Feature record: CXX_FEATURE:1cxx_decltype
    Feature record: CXX_FEATURE:0cxx_decltype_auto
    Feature record: CXX_FEATURE:1cxx_decltype_incomplete_return_types
    Feature record: CXX_FEATURE:1cxx_default_function_template_args
    Feature record: CXX_FEATURE:1cxx_defaulted_functions
    Feature record: CXX_FEATURE:1cxx_defaulted_move_initializers
    Feature record: CXX_FEATURE:1cxx_delegating_constructors
    Feature record: CXX_FEATURE:1cxx_deleted_functions
    Feature record: CXX_FEATURE:0cxx_digit_separators
    Feature record: CXX_FEATURE:1cxx_enum_forward_declarations
    Feature record: CXX_FEATURE:1cxx_explicit_conversions
    Feature record: CXX_FEATURE:1cxx_extended_friend_declarations
    Feature record: CXX_FEATURE:1cxx_extern_templates
    Feature record: CXX_FEATURE:1cxx_final
    Feature record: CXX_FEATURE:1cxx_func_identifier
    Feature record: CXX_FEATURE:1cxx_generalized_initializers
    Feature record: CXX_FEATURE:0cxx_generic_lambdas
    Feature record: CXX_FEATURE:1cxx_inheriting_constructors
    Feature record: CXX_FEATURE:1cxx_inline_namespaces
    Feature record: CXX_FEATURE:1cxx_lambdas
    Feature record: CXX_FEATURE:0cxx_lambda_init_captures
    Feature record: CXX_FEATURE:1cxx_local_type_template_args
    Feature record: CXX_FEATURE:1cxx_long_long_type
    Feature record: CXX_FEATURE:1cxx_noexcept
    Feature record: CXX_FEATURE:1cxx_nonstatic_member_init
    Feature record: CXX_FEATURE:1cxx_nullptr
    Feature record: CXX_FEATURE:1cxx_override
    Feature record: CXX_FEATURE:1cxx_range_for
    Feature record: CXX_FEATURE:1cxx_raw_string_literals
    Feature record: CXX_FEATURE:1cxx_reference_qualified_functions
    Feature record: CXX_FEATURE:0cxx_relaxed_constexpr
    Feature record: CXX_FEATURE:0cxx_return_type_deduction
    Feature record: CXX_FEATURE:1cxx_right_angle_brackets
    Feature record: CXX_FEATURE:1cxx_rvalue_references
    Feature record: CXX_FEATURE:1cxx_sizeof_member
    Feature record: CXX_FEATURE:1cxx_static_assert
    Feature record: CXX_FEATURE:1cxx_strong_enums
    Feature record: CXX_FEATURE:1cxx_template_template_parameters
    Feature record: CXX_FEATURE:1cxx_thread_local
    Feature record: CXX_FEATURE:1cxx_trailing_return_types
    Feature record: CXX_FEATURE:1cxx_unicode_literals
    Feature record: CXX_FEATURE:1cxx_uniform_initialization
    Feature record: CXX_FEATURE:1cxx_unrestricted_unions
    Feature record: CXX_FEATURE:1cxx_user_literals
    Feature record: CXX_FEATURE:0cxx_variable_templates
    Feature record: CXX_FEATURE:1cxx_variadic_macros
    Feature record: CXX_FEATURE:1cxx_variadic_templates


Detecting CXX [-std=c++98] compiler features compiled with the following output:
Change Dir: /home/oleg/Documents/SensorFusion/SFND_3D_Object_Tracking/build/CMakeFiles/CMakeTmp

Run Build Command(s):/usr/bin/make cmTC_107ab/fast 
/usr/bin/make -f CMakeFiles/cmTC_107ab.dir/build.make CMakeFiles/cmTC_107ab.dir/build
make[1]: Entering directory '/home/oleg/Documents/SensorFusion/SFND_3D_Object_Tracking/build/CMakeFiles/CMakeTmp'
Building CXX object CMakeFiles/cmTC_107ab.dir/feature_tests.cxx.o
/bin/clang++-8    -std=c++98 -o CMakeFiles/cmTC_107ab.dir/feature_tests.cxx.o -c /home/oleg/Documents/SensorFusion/SFND_3D_Object_Tracking/build/CMakeFiles/feature_tests.cxx
Linking CXX executable cmTC_107ab
/home/oleg/cmake-3.14.5-Linux-x86_64/bin/cmake -E cmake_link_script CMakeFiles/cmTC_107ab.dir/link.txt --verbose=1
/bin/clang++-8       -rdynamic CMakeFiles/cmTC_107ab.dir/feature_tests.cxx.o  -o cmTC_107ab 
make[1]: Leaving directory '/home/oleg/Documents/SensorFusion/SFND_3D_Object_Tracking/build/CMakeFiles/CMakeTmp'


    Feature record: CXX_FEATURE:0cxx_aggregate_default_initializers
    Feature record: CXX_FEATURE:0cxx_alias_templates
    Feature record: CXX_FEATURE:0cxx_alignas
    Feature record: CXX_FEATURE:0cxx_alignof
    Feature record: CXX_FEATURE:0cxx_attributes
    Feature record: CXX_FEATURE:0cxx_attribute_deprecated
    Feature record: CXX_FEATURE:0cxx_auto_type
    Feature record: CXX_FEATURE:0cxx_binary_literals
    Feature record: CXX_FEATURE:0cxx_constexpr
    Feature record: CXX_FEATURE:0cxx_contextual_conversions
    Feature record: CXX_FEATURE:0cxx_decltype
    Feature record: CXX_FEATURE:0cxx_decltype_auto
    Feature record: CXX_FEATURE:0cxx_decltype_incomplete_return_types
    Feature record: CXX_FEATURE:0cxx_default_function_template_args
    Feature record: CXX_FEATURE:0cxx_defaulted_functions
    Feature record: CXX_FEATURE:0cxx_defaulted_move_initializers
    Feature record: CXX_FEATURE:0cxx_delegating_constructors
    Feature record: CXX_FEATURE:0cxx_deleted_functions
    Feature record: CXX_FEATURE:0cxx_digit_separators
    Feature record: CXX_FEATURE:0cxx_enum_forward_declarations
    Feature record: CXX_FEATURE:0cxx_explicit_conversions
    Feature record: CXX_FEATURE:0cxx_extended_friend_declarations
    Feature record: CXX_FEATURE:0cxx_extern_templates
    Feature record: CXX_FEATURE:0cxx_final
    Feature record: CXX_FEATURE:0cxx_func_identifier
    Feature record: CXX_FEATURE:0cxx_generalized_initializers
    Feature record: CXX_FEATURE:0cxx_generic_lambdas
    Feature record: CXX_FEATURE:0cxx_inheriting_constructors
    Feature record: CXX_FEATURE:0cxx_inline_namespaces
    Feature record: CXX_FEATURE:0cxx_lambdas
    Feature record: CXX_FEATURE:0cxx_lambda_init_captures
    Feature record: CXX_FEATURE:0cxx_local_type_template_args
    Feature record: CXX_FEATURE:0cxx_long_long_type
    Feature record: CXX_FEATURE:0cxx_noexcept
    Feature record: CXX_FEATURE:0cxx_nonstatic_member_init
    Feature record: CXX_FEATURE:0cxx_nullptr
    Feature record: CXX_FEATURE:0cxx_override
    Feature record: CXX_FEATURE:0cxx_range_for
    Feature record: CXX_FEATURE:0cxx_raw_string_literals
    Feature record: CXX_FEATURE:0cxx_reference_qualified_functions
    Feature record: CXX_FEATURE:0cxx_relaxed_constexpr
    Feature record: CXX_FEATURE:0cxx_return_type_deduction
    Feature record: CXX_FEATURE:0cxx_right_angle_brackets
    Feature record: CXX_FEATURE:0cxx_rvalue_references
    Feature record: CXX_FEATURE:0cxx_sizeof_member
    Feature record: CXX_FEATURE:0cxx_static_assert
    Feature record: CXX_FEATURE:0cxx_strong_enums
    Feature record: CXX_FEATURE:1cxx_template_template_parameters
    Feature record: CXX_FEATURE:0cxx_thread_local
    Feature record: CXX_FEATURE:0cxx_trailing_return_types
    Feature record: CXX_FEATURE:0cxx_unicode_literals
    Feature record: CXX_FEATURE:0cxx_uniform_initialization
    Feature record: CXX_FEATURE:0cxx_unrestricted_unions
    Feature record: CXX_FEATURE:0cxx_user_literals
    Feature record: CXX_FEATURE:0cxx_variable_templates
    Feature record: CXX_FEATURE:0cxx_variadic_macros
    Feature record: CXX_FEATURE:0cxx_variadic_templates
